<?xml version="1.0" encoding="UTF-8"?>
<!-- Generated by org.testng.reporters.JUnitXMLReporter -->
<testsuite ignored="1" hostname="Sureshs-MacBook-Air.local" failures="0" tests="1" name="Test for Demo Application" time="8.18" errors="0" timestamp="2025-02-01T21:00:54 IST">
  <testcase classname="testscripts.SeleniumPracticeScenario" name="MyWebSiteTest" time="8.171"/>
  <testcase classname="testscripts.SeleniumPracticeScenario" name="seleniumPracticeTest" time="0.0">
    <ignored/>
  </testcase> <!-- seleniumPracticeTest -->
</testsuite> <!-- Test for Demo Application -->
